<?xml version="1.0" encoding="UTF-8"?>
<testng-results skipped="0" failed="0" ignored="0" total="1" passed="1">
  <reporter-output>
  </reporter-output>
  <suite name="Default suite" duration-ms="32" started-at="2017-08-17T11:37:09Z" finished-at="2017-08-17T11:37:10Z">
    <groups>
    </groups>
    <test name="Default test" duration-ms="32" started-at="2017-08-17T11:37:09Z" finished-at="2017-08-17T11:37:10Z">
      <class name="com.tjs.automation.uiAutomation.login.TC_003_DummyTest">
        <test-method status="PASS" signature="testPass()[pri:0, instance:com.tjs.automation.uiAutomation.login.TC_003_DummyTest@3ffc5af1]" name="testPass" duration-ms="11" started-at="2017-08-17T17:07:09Z" finished-at="2017-08-17T17:07:10Z">
          <reporter-output>
          </reporter-output>
        </test-method> <!-- testPass -->
        <test-method status="PASS" signature="close()[pri:0, instance:com.tjs.automation.uiAutomation.login.TC_003_DummyTest@3ffc5af1]" name="close" is-config="true" duration-ms="0" started-at="2017-08-17T17:07:10Z" finished-at="2017-08-17T17:07:10Z">
          <reporter-output>
          </reporter-output>
        </test-method> <!-- close -->
        <test-method status="PASS" signature="setUp()[pri:0, instance:com.tjs.automation.uiAutomation.login.TC_003_DummyTest@3ffc5af1]" name="setUp" is-config="true" duration-ms="0" started-at="2017-08-17T17:07:10Z" finished-at="2017-08-17T17:07:10Z">
          <reporter-output>
          </reporter-output>
        </test-method> <!-- setUp -->
      </class> <!-- com.tjs.automation.uiAutomation.login.TC_003_DummyTest -->
    </test> <!-- Default test -->
  </suite> <!-- Default suite -->
</testng-results>
