<?xml version="1.0" encoding="UTF-8"?>
<!-- Generated by org.testng.reporters.JUnitXMLReporter -->
<testsuite hostname="deeps" ignored="0" name="Login ERP" tests="2" failures="0" timestamp="16 Aug 2017 09:27:17 GMT" time="47.946" errors="0">
  <testcase name="verifyLoginWithInvalidCredentials" time="7.808" classname="com.tjs.automation.uiAutomation.login.TC001_VerifyLoginWithInvalidCredentials"/>
  <testcase name="loginWithValidCredentials" time="6.089" classname="com.tjs.automation.uiAutomation.login.TC002_VerifyLoginWithValidCredentials"/>
</testsuite> <!-- Login ERP -->
